c:\users\sjain\source\repos\paintd2d\paintd2d\x64\release\vc141.pdb
c:\users\sjain\source\repos\paintd2d\paintd2d\x64\release\toolbox.obj
c:\users\sjain\source\repos\paintd2d\paintd2d\x64\release\shapes.obj
c:\users\sjain\source\repos\paintd2d\paintd2d\x64\release\shapetriangle.obj
c:\users\sjain\source\repos\paintd2d\paintd2d\x64\release\shaperectangle.obj
c:\users\sjain\source\repos\paintd2d\paintd2d\x64\release\shapeline.obj
c:\users\sjain\source\repos\paintd2d\paintd2d\x64\release\shapeellipse.obj
c:\users\sjain\source\repos\paintd2d\paintd2d\x64\release\paintd2d.obj
c:\users\sjain\source\repos\paintd2d\paintd2d\x64\release\mainwindow.obj
c:\users\sjain\source\repos\paintd2d\paintd2d\x64\release\basewindow.obj
c:\users\sjain\source\repos\paintd2d\x64\release\paintd2d.exe
c:\users\sjain\source\repos\paintd2d\x64\release\paintd2d.pdb
c:\users\sjain\source\repos\paintd2d\x64\release\paintd2d.ipdb
c:\users\sjain\source\repos\paintd2d\x64\release\paintd2d.iobj
c:\users\sjain\source\repos\paintd2d\paintd2d\x64\release\paintd2d.res
c:\users\sjain\source\repos\paintd2d\paintd2d\x64\release\paintd2d.tlog\cl.command.1.tlog
c:\users\sjain\source\repos\paintd2d\paintd2d\x64\release\paintd2d.tlog\cl.read.1.tlog
c:\users\sjain\source\repos\paintd2d\paintd2d\x64\release\paintd2d.tlog\cl.write.1.tlog
c:\users\sjain\source\repos\paintd2d\paintd2d\x64\release\paintd2d.tlog\link.command.1.tlog
c:\users\sjain\source\repos\paintd2d\paintd2d\x64\release\paintd2d.tlog\link.read.1.tlog
c:\users\sjain\source\repos\paintd2d\paintd2d\x64\release\paintd2d.tlog\link.write.1.tlog
c:\users\sjain\source\repos\paintd2d\paintd2d\x64\release\paintd2d.tlog\paintd2d.write.1u.tlog
c:\users\sjain\source\repos\paintd2d\paintd2d\x64\release\paintd2d.tlog\rc.command.1.tlog
c:\users\sjain\source\repos\paintd2d\paintd2d\x64\release\paintd2d.tlog\rc.read.1.tlog
c:\users\sjain\source\repos\paintd2d\paintd2d\x64\release\paintd2d.tlog\rc.write.1.tlog
